<?xml version="1.0" encoding="UTF-8"?>
<testng-results skipped="0" failed="0" ignored="0" total="1" passed="1">
  <reporter-output>
    <line>
      <![CDATA[<span style="color:#16A05D"><b>[2017-08-24 19:17:16] [INFO] com.T65Test.testCase.testBaidu: 浏览器启动成功</b></span><br />]]>
    </line>
    <line>
      <![CDATA[f1测试开始]]>
    </line>
    <line>
      <![CDATA[<span style="color:#16A05D"><b>[2017-08-24 19:17:16] [INFO] com.T65Test.testCase.testBaidu: 输入框已输入内容</b></span><br />]]>
    </line>
    <line>
      <![CDATA[<span style="color:#2A00FF"><b>[2017-08-24 19:17:19] [DEBUG] com.T65Test.testCase.testBaidu: 测试成功</b></span><br />]]>
    </line>
  </reporter-output>
  <suite name="T65UIAtuo" duration-ms="31323" started-at="2017-08-24T11:16:57Z" finished-at="2017-08-24T11:17:28Z">
    <groups>
    </groups>
    <test name="baiduTest" duration-ms="31323" started-at="2017-08-24T11:16:57Z" finished-at="2017-08-24T11:17:28Z">
      <class name="com.T65Test.testCase.testBaidu">
        <test-method status="PASS" signature="init(java.lang.String)[pri:0, instance:com.T65Test.testCase.testBaidu@1cf94f8]" name="init" is-config="true" duration-ms="18691" started-at="2017-08-24T19:16:57Z" finished-at="2017-08-24T19:17:16Z">
          <params>
            <param index="0">
              <value>
                <![CDATA[https://www.baidu.com]]>
              </value>
            </param>
          </params>
          <reporter-output>
            <line>
              <![CDATA[<span style="color:#16A05D"><b>[2017-08-24 19:17:16] [INFO] com.T65Test.testCase.testBaidu: 浏览器启动成功</b></span><br />]]>
            </line>
          </reporter-output>
        </test-method> <!-- init -->
        <test-method status="PASS" signature="test(java.lang.String, java.lang.String)[pri:0, instance:com.T65Test.testCase.testBaidu@1cf94f8]" name="test" duration-ms="3518" started-at="2017-08-24T19:17:16Z" data-provider="test" finished-at="2017-08-24T19:17:19Z">
          <params>
            <param index="0">
              <value>
                <![CDATA[新梦想]]>
              </value>
            </param>
            <param index="1">
              <value>
                <![CDATA[新梦想_百度搜索]]>
              </value>
            </param>
          </params>
          <reporter-output>
            <line>
              <![CDATA[f1测试开始]]>
            </line>
            <line>
              <![CDATA[<span style="color:#16A05D"><b>[2017-08-24 19:17:16] [INFO] com.T65Test.testCase.testBaidu: 输入框已输入内容</b></span><br />]]>
            </line>
            <line>
              <![CDATA[<span style="color:#2A00FF"><b>[2017-08-24 19:17:19] [DEBUG] com.T65Test.testCase.testBaidu: 测试成功</b></span><br />]]>
            </line>
          </reporter-output>
        </test-method> <!-- test -->
        <test-method status="PASS" signature="end()[pri:0, instance:com.T65Test.testCase.testBaidu@1cf94f8]" name="end" is-config="true" duration-ms="9070" started-at="2017-08-24T19:17:19Z" finished-at="2017-08-24T19:17:28Z">
          <reporter-output>
          </reporter-output>
        </test-method> <!-- end -->
      </class> <!-- com.T65Test.testCase.testBaidu -->
    </test> <!-- baiduTest -->
  </suite> <!-- T65UIAtuo -->
</testng-results>
